INFO:root:basemodel+position+entity_mask_ESIM3_adam
INFO:root:epoch0
INFO:root:Epoch: 0-    dev F1 Score: 0.4797297297297297
INFO:root:Epoch: 0-    Val p Score:0.7303102625298329
INFO:root:Epoch: 0-    Val r Score:0.2870544090056285
INFO:root:Epoch: 0-    Val F1 Score:0.4121212121212121
INFO:root:epoch1
INFO:root:Epoch: 1-    dev F1 Score: 0.5187499999999999
INFO:root:Epoch: 1-    Val p Score:0.7052980132450332
INFO:root:Epoch: 1-    Val r Score:0.399624765478424
INFO:root:Epoch: 1-    Val F1 Score:0.5101796407185628
INFO:root:epoch2
INFO:root:Epoch: 2-    dev F1 Score: 0.5910165484633568
INFO:root:Epoch: 2-    Val p Score:0.5727355901189387
INFO:root:Epoch: 2-    Val r Score:0.5872420262664165
INFO:root:Epoch: 2-    Val F1 Score:0.5798981009726726
INFO:root:epoch3
INFO:root:Epoch: 3-    dev F1 Score: 0.6164079822616408
INFO:root:Epoch: 3-    Val p Score:0.5392307692307692
INFO:root:Epoch: 3-    Val r Score:0.6575984990619137
INFO:root:Epoch: 3-    Val F1 Score:0.5925612848689772
INFO:root:epoch4
INFO:root:Epoch: 4-    dev F1 Score: 0.5839080459770114
INFO:root:Epoch: 4-    Val p Score:0.552565180824222
INFO:root:Epoch: 4-    Val r Score:0.6163227016885553
INFO:root:Epoch: 4-    Val F1 Score:0.5827050997782705
INFO:root:epoch5
INFO:root:Epoch: 5-    dev F1 Score: 0.5973025048169557
INFO:root:Epoch: 5-    Val p Score:0.47644603458556944
INFO:root:Epoch: 5-    Val r Score:0.7495309568480301
INFO:root:Epoch: 5-    Val F1 Score:0.5825738242799855
INFO:root:epoch6
INFO:root:Epoch: 6-    dev F1 Score: 0.5826086956521738
INFO:root:Epoch: 6-    Val p Score:0.5294561933534743
INFO:root:Epoch: 6-    Val r Score:0.6575984990619137
INFO:root:Epoch: 6-    Val F1 Score:0.5866108786610879
INFO:root:epoch7
INFO:root:Epoch: 7-    dev F1 Score: 0.5966386554621849
INFO:root:Epoch: 7-    Val p Score:0.5099383139136395
INFO:root:Epoch: 7-    Val r Score:0.6979362101313321
INFO:root:Epoch: 7-    Val F1 Score:0.5893069306930693
INFO:root:epoch8
INFO:root:Epoch: 8-    dev F1 Score: 0.5388888888888889
INFO:root:Epoch: 8-    Val p Score:0.6603518267929634
INFO:root:Epoch: 8-    Val r Score:0.45778611632270166
INFO:root:Epoch: 8-    Val F1 Score:0.5407202216066482
INFO:root:epoch9
INFO:root:Epoch: 9-    dev F1 Score: 0.5775656324582339
INFO:root:Epoch: 9-    Val p Score:0.5778414517669532
INFO:root:Epoch: 9-    Val r Score:0.5675422138836773
INFO:root:Epoch: 9-    Val F1 Score:0.5726455276857549
INFO:root:epoch10
INFO:root:Epoch: 10-    dev F1 Score: 0.582392776523702
INFO:root:Epoch: 10-    Val p Score:0.5434083601286174
INFO:root:Epoch: 10-    Val r Score:0.6341463414634146
INFO:root:Epoch: 10-    Val F1 Score:0.5852813852813853
INFO:root:epoch11
INFO:root:Epoch: 11-    dev F1 Score: 0.5721040189125295
INFO:root:Epoch: 11-    Val p Score:0.5734597156398105
INFO:root:Epoch: 11-    Val r Score:0.5675422138836773
INFO:root:Epoch: 11-    Val F1 Score:0.5704856199905706
INFO:root:epoch12
INFO:root:Epoch: 12-    dev F1 Score: 0.5788235294117646
INFO:root:Epoch: 12-    Val p Score:0.5567470956210903
INFO:root:Epoch: 12-    Val r Score:0.5844277673545967
INFO:root:Epoch: 12-    Val F1 Score:0.5702517162471397
INFO:root:epoch13
INFO:root:Epoch: 13-    dev F1 Score: 0.5734939759036145
INFO:root:Epoch: 13-    Val p Score:0.5646067415730337
INFO:root:Epoch: 13-    Val r Score:0.5656660412757973
INFO:root:Epoch: 13-    Val F1 Score:0.5651358950328023
INFO:root:epoch14
INFO:root:Epoch: 14-    dev F1 Score: 0.5887850467289719
INFO:root:Epoch: 14-    Val p Score:0.5684410646387833
INFO:root:Epoch: 14-    Val r Score:0.5609756097560976
INFO:root:Epoch: 14-    Val F1 Score:0.5646836638338056
INFO:root:epoch15
INFO:root:Epoch: 15-    dev F1 Score: 0.5714285714285713
INFO:root:Epoch: 15-    Val p Score:0.5239697224558453
INFO:root:Epoch: 15-    Val r Score:0.5844277673545967
INFO:root:Epoch: 15-    Val F1 Score:0.5525498891352549
INFO:root:epoch16
INFO:root:Epoch: 16-    dev F1 Score: 0.5900216919739697
INFO:root:Epoch: 16-    Val p Score:0.5329489291598023
INFO:root:Epoch: 16-    Val r Score:0.6069418386491557
INFO:root:Epoch: 16-    Val F1 Score:0.5675438596491229
INFO:root:epoch17
INFO:root:Epoch: 17-    dev F1 Score: 0.5897435897435898
INFO:root:Epoch: 17-    Val p Score:0.6004489337822672
INFO:root:Epoch: 17-    Val r Score:0.50187617260788
INFO:root:Epoch: 17-    Val F1 Score:0.5467552376085846
INFO:root:epoch18
INFO:root:Epoch: 18-    dev F1 Score: 0.5958333333333333
INFO:root:Epoch: 18-    Val p Score:0.4895622895622896
INFO:root:Epoch: 18-    Val r Score:0.6819887429643527
INFO:root:Epoch: 18-    Val F1 Score:0.5699725597804782
INFO:root:epoch19
INFO:root:Epoch: 19-    dev F1 Score: 0.5758354755784062
INFO:root:Epoch: 19-    Val p Score:0.5894962486602358
INFO:root:Epoch: 19-    Val r Score:0.5159474671669794
INFO:root:Epoch: 19-    Val F1 Score:0.5502751375687844
INFO:root:basemodel+position+entity_mask_ESIM3_rms
INFO:root:epoch0
INFO:root:Epoch: 0-    dev F1 Score: 0.56353591160221
INFO:root:Epoch: 0-    Val p Score:0.4624037892243931
INFO:root:Epoch: 0-    Val r Score:0.7326454033771107
INFO:root:Epoch: 0-    Val F1 Score:0.5669691470054447
INFO:root:epoch1
INFO:root:Epoch: 1-    dev F1 Score: 0.4662162162162163
INFO:root:Epoch: 1-    Val p Score:0.7321016166281755
INFO:root:Epoch: 1-    Val r Score:0.2973733583489681
INFO:root:Epoch: 1-    Val F1 Score:0.4229486324216144
INFO:root:epoch2
INFO:root:Epoch: 2-    dev F1 Score: 0.5664739884393063
INFO:root:Epoch: 2-    Val p Score:0.6539473684210526
INFO:root:Epoch: 2-    Val r Score:0.46622889305816134
INFO:root:Epoch: 2-    Val F1 Score:0.5443592552026286
INFO:root:epoch3
INFO:root:Epoch: 3-    dev F1 Score: 0.47133757961783446
INFO:root:Epoch: 3-    Val p Score:0.6486486486486487
INFO:root:Epoch: 3-    Val r Score:0.450281425891182
INFO:root:Epoch: 3-    Val F1 Score:0.53156146179402
INFO:root:epoch4
INFO:root:Epoch: 4-    dev F1 Score: 0.37010676156583633
INFO:root:Epoch: 4-    Val p Score:0.6900826446280992
INFO:root:Epoch: 4-    Val r Score:0.3133208255159475
INFO:root:Epoch: 4-    Val F1 Score:0.4309677419354839
INFO:root:epoch5
INFO:root:basemodel+position+entity_mask_ESIM3_rms
INFO:root:epoch0
INFO:root:Epoch: 0-    dev F1 Score: 0.3577712609970674
INFO:root:Epoch: 0-    Val p Score:0.40502793296089384
INFO:root:Epoch: 0-    Val r Score:0.27204502814258913
INFO:root:Epoch: 0-    Val F1 Score:0.3254769921436589
INFO:root:epoch1
INFO:root:Epoch: 1-    dev F1 Score: 0.5137614678899083
INFO:root:Epoch: 1-    Val p Score:0.4908906882591093
INFO:root:Epoch: 1-    Val r Score:0.4549718574108818
INFO:root:Epoch: 1-    Val F1 Score:0.47224926971762415
INFO:root:epoch2
INFO:root:Epoch: 2-    dev F1 Score: 0.5374449339207048
INFO:root:Epoch: 2-    Val p Score:0.5157342657342657
INFO:root:Epoch: 2-    Val r Score:0.5534709193245778
INFO:root:Epoch: 2-    Val F1 Score:0.5339366515837103
INFO:root:epoch3
INFO:root:Epoch: 3-    dev F1 Score: 0.5159574468085106
INFO:root:Epoch: 3-    Val p Score:0.5749414519906323
INFO:root:Epoch: 3-    Val r Score:0.4606003752345216
INFO:root:Epoch: 3-    Val F1 Score:0.5114583333333333
INFO:root:epoch4
INFO:root:Epoch: 4-    dev F1 Score: 0.5517241379310345
INFO:root:Epoch: 4-    Val p Score:0.495364238410596
INFO:root:Epoch: 4-    Val r Score:0.701688555347092
INFO:root:Epoch: 4-    Val F1 Score:0.5807453416149069
INFO:root:epoch5
INFO:root:Epoch: 5-    dev F1 Score: 0.5390835579514824
INFO:root:Epoch: 5-    Val p Score:0.5724789915966386
INFO:root:Epoch: 5-    Val r Score:0.5112570356472795
INFO:root:Epoch: 5-    Val F1 Score:0.5401387512388504
INFO:root:epoch6
INFO:root:Epoch: 6-    dev F1 Score: 0.5592592592592593
INFO:root:Epoch: 6-    Val p Score:0.4585666293393057
INFO:root:Epoch: 6-    Val r Score:0.7682926829268293
INFO:root:Epoch: 6-    Val F1 Score:0.5743338008415148
INFO:root:epoch7
INFO:root:Epoch: 7-    dev F1 Score: 0.5441176470588236
INFO:root:Epoch: 7-    Val p Score:0.5491433724075744
INFO:root:Epoch: 7-    Val r Score:0.5712945590994372
INFO:root:Epoch: 7-    Val F1 Score:0.56
INFO:root:epoch8
INFO:root:Epoch: 8-    dev F1 Score: 0.5454545454545455
INFO:root:Epoch: 8-    Val p Score:0.5569377990430622
INFO:root:Epoch: 8-    Val r Score:0.5459662288930581
INFO:root:Epoch: 8-    Val F1 Score:0.5513974419706301
INFO:root:epoch9
INFO:root:Epoch: 9-    dev F1 Score: 0.5340909090909092
INFO:root:Epoch: 9-    Val p Score:0.44812114413909143
INFO:root:Epoch: 9-    Val r Score:0.7495309568480301
INFO:root:Epoch: 9-    Val F1 Score:0.5608985608985609
INFO:root:epoch10
INFO:root:Epoch: 10-    dev F1 Score: 0.5399239543726235
INFO:root:Epoch: 10-    Val p Score:0.45071225071225074
INFO:root:Epoch: 10-    Val r Score:0.7420262664165104
INFO:root:Epoch: 10-    Val F1 Score:0.5607940446650125
INFO:root:epoch11
INFO:root:Epoch: 11-    dev F1 Score: 0.5472154963680387
INFO:root:Epoch: 11-    Val p Score:0.5223509933774835
INFO:root:Epoch: 11-    Val r Score:0.5919324577861164
INFO:root:Epoch: 11-    Val F1 Score:0.5549692172383467
INFO:root:epoch12
INFO:root:Epoch: 12-    dev F1 Score: 0.5575221238938053
INFO:root:Epoch: 12-    Val p Score:0.5010924981791697
INFO:root:Epoch: 12-    Val r Score:0.6454033771106942
INFO:root:Epoch: 12-    Val F1 Score:0.5641656416564165
INFO:root:epoch13
INFO:root:Epoch: 13-    dev F1 Score: 0.5609756097560975
INFO:root:Epoch: 13-    Val p Score:0.4653284671532847
INFO:root:Epoch: 13-    Val r Score:0.7176360225140713
INFO:root:Epoch: 13-    Val F1 Score:0.5645756457564576
INFO:root:epoch14
INFO:root:Epoch: 14-    dev F1 Score: 0.5485232067510548
INFO:root:Epoch: 14-    Val p Score:0.4773936170212766
INFO:root:Epoch: 14-    Val r Score:0.6735459662288931
INFO:root:Epoch: 14-    Val F1 Score:0.5587548638132296
INFO:root:epoch15
INFO:root:Epoch: 15-    dev F1 Score: 0.5633802816901408
INFO:root:Epoch: 15-    Val p Score:0.5
INFO:root:Epoch: 15-    Val r Score:0.6106941838649156
INFO:root:Epoch: 15-    Val F1 Score:0.5498310810810811
INFO:root:epoch16
INFO:root:basemodel+position+entity_mask_ESIM3_rms
INFO:root:epoch0
INFO:root:Epoch: 0-    dev F1 Score: 0.5438972162740899
INFO:root:Epoch: 0-    Val p Score:0.5018559762435041
INFO:root:Epoch: 0-    Val r Score:0.6341463414634146
INFO:root:Epoch: 0-    Val F1 Score:0.5602983837546623
INFO:root:epoch1
INFO:root:Epoch: 1-    dev F1 Score: 0.5573770491803278
INFO:root:Epoch: 1-    Val p Score:0.6107784431137725
INFO:root:Epoch: 1-    Val r Score:0.47842401500938087
INFO:root:Epoch: 1-    Val F1 Score:0.536559705418201
INFO:root:epoch2
INFO:root:Epoch: 2-    dev F1 Score: 0.5944584382871535
INFO:root:Epoch: 2-    Val p Score:0.5972359328726555
INFO:root:Epoch: 2-    Val r Score:0.5675422138836773
INFO:root:Epoch: 2-    Val F1 Score:0.582010582010582
INFO:root:epoch3
INFO:root:Epoch: 3-    dev F1 Score: 0.5720620842572063
INFO:root:Epoch: 3-    Val p Score:0.5449775112443778
INFO:root:Epoch: 3-    Val r Score:0.6819887429643527
INFO:root:Epoch: 3-    Val F1 Score:0.6058333333333333
INFO:root:epoch4
INFO:root:Epoch: 4-    dev F1 Score: 0.5617977528089887
INFO:root:Epoch: 4-    Val p Score:0.48026315789473684
INFO:root:Epoch: 4-    Val r Score:0.6848030018761726
INFO:root:Epoch: 4-    Val F1 Score:0.5645784996133025
INFO:root:epoch5
INFO:root:Epoch: 5-    dev F1 Score: 0.5542168674698794
INFO:root:Epoch: 5-    Val p Score:0.5378723404255319
INFO:root:Epoch: 5-    Val r Score:0.5928705440900562
INFO:root:Epoch: 5-    Val F1 Score:0.5640339134315038
INFO:root:epoch6
INFO:root:Epoch: 6-    dev F1 Score: 0.5714285714285713
INFO:root:Epoch: 6-    Val p Score:0.46670776818742293
INFO:root:Epoch: 6-    Val r Score:0.7101313320825516
INFO:root:Epoch: 6-    Val F1 Score:0.5632440476190477
INFO:root:epoch7
INFO:root:Epoch: 7-    dev F1 Score: 0.5169712793733682
INFO:root:Epoch: 7-    Val p Score:0.5203180212014135
INFO:root:Epoch: 7-    Val r Score:0.5525328330206379
INFO:root:Epoch: 7-    Val F1 Score:0.5359417652411284
INFO:root:epoch8
INFO:root:Epoch: 8-    dev F1 Score: 0.5446808510638298
INFO:root:Epoch: 8-    Val p Score:0.461051298290057
INFO:root:Epoch: 8-    Val r Score:0.6829268292682927
INFO:root:Epoch: 8-    Val F1 Score:0.5504725897920605
INFO:root:epoch9
INFO:root:Epoch: 9-    dev F1 Score: 0.5217391304347825
INFO:root:Epoch: 9-    Val p Score:0.4688888888888889
INFO:root:Epoch: 9-    Val r Score:0.5938086303939962
INFO:root:Epoch: 9-    Val F1 Score:0.5240066225165564
INFO:root:epoch10
INFO:root:Epoch: 10-    dev F1 Score: 0.4815724815724816
INFO:root:Epoch: 10-    Val p Score:0.4763719512195122
INFO:root:Epoch: 10-    Val r Score:0.5863039399624765
INFO:root:Epoch: 10-    Val F1 Score:0.5256518082422204
INFO:root:epoch11
INFO:root:Epoch: 11-    dev F1 Score: 0.5361305361305363
INFO:root:Epoch: 11-    Val p Score:0.4594594594594595
INFO:root:Epoch: 11-    Val r Score:0.6060037523452158
INFO:root:Epoch: 11-    Val F1 Score:0.5226537216828478
INFO:root:epoch12
INFO:root:Epoch: 12-    dev F1 Score: 0.5366795366795366
INFO:root:Epoch: 12-    Val p Score:0.42325056433408575
INFO:root:Epoch: 12-    Val r Score:0.7035647279549718
INFO:root:Epoch: 12-    Val F1 Score:0.5285412262156448
INFO:root:epoch13
INFO:root:Epoch: 13-    dev F1 Score: 0.545054945054945
INFO:root:Epoch: 13-    Val p Score:0.4444444444444444
INFO:root:Epoch: 13-    Val r Score:0.6529080675422139
INFO:root:Epoch: 13-    Val F1 Score:0.5288753799392097
INFO:root:epoch14
INFO:root:Epoch: 14-    dev F1 Score: 0.5305466237942122
INFO:root:Epoch: 14-    Val p Score:0.3835740072202166
INFO:root:Epoch: 14-    Val r Score:0.797373358348968
INFO:root:Epoch: 14-    Val F1 Score:0.517976843388178
INFO:root:epoch15
INFO:root:Epoch: 15-    dev F1 Score: 0.540447504302926
INFO:root:Epoch: 15-    Val p Score:0.3945257196790939
INFO:root:Epoch: 15-    Val r Score:0.7842401500938087
INFO:root:Epoch: 15-    Val F1 Score:0.5249607535321821
INFO:root:epoch16
INFO:root:Epoch: 16-    dev F1 Score: 0.5198675496688742
INFO:root:Epoch: 16-    Val p Score:0.3791838606143971
INFO:root:Epoch: 16-    Val r Score:0.775797373358349
INFO:root:Epoch: 16-    Val F1 Score:0.5093932861102556
INFO:root:epoch17
INFO:root:Epoch: 17-    dev F1 Score: 0.5353982300884955
INFO:root:Epoch: 17-    Val p Score:0.4885057471264368
INFO:root:Epoch: 17-    Val r Score:0.6378986866791745
INFO:root:Epoch: 17-    Val F1 Score:0.5532953620829942
INFO:root:epoch18
INFO:root:basemodel+position+entity_mask_ESIM20.4
INFO:root:epoch0
INFO:root:basemodel+position+entity_mask_ESIM30.4
INFO:root:epoch0
INFO:root:Epoch: 0-    dev F1 Score: 0.3203125
INFO:root:Epoch: 0-    Val p Score:0.7649402390438247
INFO:root:Epoch: 0-    Val r Score:0.1801125703564728
INFO:root:Epoch: 0-    Val F1 Score:0.2915717539863326
INFO:root:epoch1
INFO:root:Epoch: 1-    dev F1 Score: 0.4825396825396825
INFO:root:Epoch: 1-    Val p Score:0.6963350785340314
INFO:root:Epoch: 1-    Val r Score:0.37429643527204504
INFO:root:Epoch: 1-    Val F1 Score:0.4868822452715071
INFO:root:epoch2
INFO:root:Epoch: 2-    dev F1 Score: 0.48344370860927155
INFO:root:Epoch: 2-    Val p Score:0.6983546617915904
INFO:root:Epoch: 2-    Val r Score:0.35834896810506567
INFO:root:Epoch: 2-    Val F1 Score:0.47365158090514564
INFO:root:epoch3
INFO:root:Epoch: 3-    dev F1 Score: 0.6026666666666667
INFO:root:Epoch: 3-    Val p Score:0.6195899772209568
INFO:root:Epoch: 3-    Val r Score:0.5103189493433395
INFO:root:Epoch: 3-    Val F1 Score:0.5596707818930041
INFO:root:epoch4
INFO:root:Epoch: 4-    dev F1 Score: 0.6109890109890109
INFO:root:Epoch: 4-    Val p Score:0.5266875981161695
INFO:root:Epoch: 4-    Val r Score:0.6294559099437148
INFO:root:Epoch: 4-    Val F1 Score:0.5735042735042735
INFO:root:epoch5
INFO:root:Epoch: 5-    dev F1 Score: 0.6024096385542168
INFO:root:Epoch: 5-    Val p Score:0.5587467362924282
INFO:root:Epoch: 5-    Val r Score:0.6022514071294559
INFO:root:Epoch: 5-    Val F1 Score:0.5796839729119639
INFO:root:epoch6
INFO:root:Epoch: 6-    dev F1 Score: 0.5995807127882599
INFO:root:Epoch: 6-    Val p Score:0.49621472814865797
INFO:root:Epoch: 6-    Val r Score:0.6763602251407129
INFO:root:Epoch: 6-    Val F1 Score:0.5724493846764589
INFO:root:epoch7
INFO:root:Epoch: 7-    dev F1 Score: 0.5872689938398358
INFO:root:Epoch: 7-    Val p Score:0.48382656572608396
INFO:root:Epoch: 7-    Val r Score:0.6594746716697936
INFO:root:Epoch: 7-    Val F1 Score:0.5581579992060341
INFO:root:epoch8
INFO:root:Epoch: 8-    dev F1 Score: 0.5261627906976745
INFO:root:Epoch: 8-    Val p Score:0.37520458265139117
INFO:root:Epoch: 8-    Val r Score:0.8602251407129456
INFO:root:Epoch: 8-    Val F1 Score:0.5225071225071225
INFO:root:epoch9
INFO:root:Epoch: 9-    dev F1 Score: 0.5540540540540541
INFO:root:Epoch: 9-    Val p Score:0.40832507433102083
INFO:root:Epoch: 9-    Val r Score:0.7729831144465291
INFO:root:Epoch: 9-    Val F1 Score:0.5343709468223087
INFO:root:epoch10
INFO:root:Epoch: 10-    dev F1 Score: 0.5702127659574469
INFO:root:Epoch: 10-    Val p Score:0.4794996525364837
INFO:root:Epoch: 10-    Val r Score:0.6472795497185742
INFO:root:Epoch: 10-    Val F1 Score:0.5508982035928144
INFO:root:epoch11
INFO:root:Epoch: 11-    dev F1 Score: 0.5387596899224806
INFO:root:Epoch: 11-    Val p Score:0.4341265235055136
INFO:root:Epoch: 11-    Val r Score:0.701688555347092
INFO:root:Epoch: 11-    Val F1 Score:0.5363929723915382
INFO:root:epoch12
INFO:root:Epoch: 12-    dev F1 Score: 0.5514834205933682
INFO:root:Epoch: 12-    Val p Score:0.4080919080919081
INFO:root:Epoch: 12-    Val r Score:0.7664165103189493
INFO:root:Epoch: 12-    Val F1 Score:0.5325945241199479
INFO:root:epoch13
INFO:root:Epoch: 13-    dev F1 Score: 0.5337726523887973
INFO:root:Epoch: 13-    Val p Score:0.4018509498295178
INFO:root:Epoch: 13-    Val r Score:0.773921200750469
INFO:root:Epoch: 13-    Val F1 Score:0.529015710163514
INFO:root:epoch14
INFO:root:Epoch: 14-    dev F1 Score: 0.5422535211267606
INFO:root:Epoch: 14-    Val p Score:0.4213903743315508
INFO:root:Epoch: 14-    Val r Score:0.7392120075046904
INFO:root:Epoch: 14-    Val F1 Score:0.5367847411444141
INFO:root:epoch15
INFO:root:Epoch: 15-    dev F1 Score: 0.5697211155378485
INFO:root:Epoch: 15-    Val p Score:0.4663648124191462
INFO:root:Epoch: 15-    Val r Score:0.6763602251407129
INFO:root:Epoch: 15-    Val F1 Score:0.5520673813169984
INFO:root:epoch16
INFO:root:Epoch: 16-    dev F1 Score: 0.5520169851380042
INFO:root:Epoch: 16-    Val p Score:0.48564954682779454
INFO:root:Epoch: 16-    Val r Score:0.6031894934333959
INFO:root:Epoch: 16-    Val F1 Score:0.5380753138075314
INFO:root:epoch17
INFO:root:Epoch: 17-    dev F1 Score: 0.5374149659863945
INFO:root:Epoch: 17-    Val p Score:0.40281265695630336
INFO:root:Epoch: 17-    Val r Score:0.7523452157598499
INFO:root:Epoch: 17-    Val F1 Score:0.524697415767092
INFO:root:epoch18
INFO:root:Epoch: 18-    dev F1 Score: 0.5441441441441441
INFO:root:Epoch: 18-    Val p Score:0.4195496979681494
INFO:root:Epoch: 18-    Val r Score:0.7166979362101313
INFO:root:Epoch: 18-    Val F1 Score:0.5292691375129892
INFO:root:epoch19
INFO:root:Epoch: 19-    dev F1 Score: 0.5525291828793775
INFO:root:Epoch: 19-    Val p Score:0.44582814445828145
INFO:root:Epoch: 19-    Val r Score:0.6716697936210131
INFO:root:Epoch: 19-    Val F1 Score:0.5359281437125749
INFO:root:basemodel+position+entity_mask_ESIM30.5
INFO:root:epoch0
INFO:root:Epoch: 0-    dev F1 Score: 0.5329670329670328
INFO:root:Epoch: 0-    Val p Score:0.5953259532595326
INFO:root:Epoch: 0-    Val r Score:0.4540337711069418
INFO:root:Epoch: 0-    Val F1 Score:0.515167642362959
INFO:root:epoch1
INFO:root:Epoch: 1-    dev F1 Score: 0.5290322580645161
INFO:root:Epoch: 1-    Val p Score:0.7104247104247104
INFO:root:Epoch: 1-    Val r Score:0.3452157598499062
INFO:root:Epoch: 1-    Val F1 Score:0.46464646464646464
INFO:root:epoch2
INFO:root:Epoch: 2-    dev F1 Score: 0.5943396226415093
INFO:root:Epoch: 2-    Val p Score:0.5660542432195975
INFO:root:Epoch: 2-    Val r Score:0.6069418386491557
INFO:root:Epoch: 2-    Val F1 Score:0.5857854232684473
INFO:root:epoch3
INFO:root:Epoch: 3-    dev F1 Score: 0.6076555023923446
INFO:root:Epoch: 3-    Val p Score:0.5709401709401709
INFO:root:Epoch: 3-    Val r Score:0.626641651031895
INFO:root:Epoch: 3-    Val F1 Score:0.5974955277280858
INFO:root:epoch4
INFO:root:Epoch: 4-    dev F1 Score: 0.5873015873015873
INFO:root:Epoch: 4-    Val p Score:0.4686369119420989
INFO:root:Epoch: 4-    Val r Score:0.7288930581613509
INFO:root:Epoch: 4-    Val F1 Score:0.5704845814977972
INFO:root:epoch5
INFO:root:Epoch: 5-    dev F1 Score: 0.5439093484419263
INFO:root:Epoch: 5-    Val p Score:0.6183745583038869
INFO:root:Epoch: 5-    Val r Score:0.4924953095684803
INFO:root:Epoch: 5-    Val F1 Score:0.5483028720626631
INFO:root:epoch6
INFO:root:Epoch: 6-    dev F1 Score: 0.5553145336225596
INFO:root:Epoch: 6-    Val p Score:0.49527027027027026
INFO:root:Epoch: 6-    Val r Score:0.6876172607879925
INFO:root:Epoch: 6-    Val F1 Score:0.5758051846032993
INFO:root:epoch7
INFO:root:Epoch: 7-    dev F1 Score: 0.5627906976744186
INFO:root:Epoch: 7-    Val p Score:0.5207517619420516
INFO:root:Epoch: 7-    Val r Score:0.6238273921200751
INFO:root:Epoch: 7-    Val F1 Score:0.5676483141271873
INFO:root:epoch8
INFO:root:Epoch: 8-    dev F1 Score: 0.5419847328244275
INFO:root:Epoch: 8-    Val p Score:0.43133997785160577
INFO:root:Epoch: 8-    Val r Score:0.7307692307692307
INFO:root:Epoch: 8-    Val F1 Score:0.5424791086350975
INFO:root:epoch9
INFO:root:Epoch: 9-    dev F1 Score: 0.535303776683087
INFO:root:Epoch: 9-    Val p Score:0.4018155757286192
INFO:root:Epoch: 9-    Val r Score:0.7889305816135085
INFO:root:Epoch: 9-    Val F1 Score:0.5324469768914214
INFO:root:epoch10
INFO:root:Epoch: 10-    dev F1 Score: 0.4900990099009901
INFO:root:Epoch: 10-    Val p Score:0.5150442477876106
INFO:root:Epoch: 10-    Val r Score:0.5459662288930581
INFO:root:Epoch: 10-    Val F1 Score:0.5300546448087431
INFO:root:epoch11
INFO:root:Epoch: 11-    dev F1 Score: 0.5260960334029229
INFO:root:Epoch: 11-    Val p Score:0.47875166002656044
INFO:root:Epoch: 11-    Val r Score:0.6763602251407129
INFO:root:Epoch: 11-    Val F1 Score:0.5606531881804043
INFO:root:epoch12
INFO:root:Epoch: 12-    dev F1 Score: 0.4936170212765957
INFO:root:Epoch: 12-    Val p Score:0.47058823529411764
INFO:root:Epoch: 12-    Val r Score:0.6529080675422139
INFO:root:Epoch: 12-    Val F1 Score:0.5469548133595286
INFO:root:epoch13
INFO:root:Epoch: 13-    dev F1 Score: 0.5163511187607573
INFO:root:Epoch: 13-    Val p Score:0.40750256937307294
INFO:root:Epoch: 13-    Val r Score:0.7439024390243902
INFO:root:Epoch: 13-    Val F1 Score:0.5265604249667994
INFO:root:epoch14
INFO:root:Epoch: 14-    dev F1 Score: 0.5465116279069767
INFO:root:Epoch: 14-    Val p Score:0.442632498543972
INFO:root:Epoch: 14-    Val r Score:0.7129455909943715
INFO:root:Epoch: 14-    Val F1 Score:0.5461731943945383
INFO:root:epoch15
INFO:root:Epoch: 15-    dev F1 Score: 0.4977168949771689
INFO:root:Epoch: 15-    Val p Score:0.4751338944146901
INFO:root:Epoch: 15-    Val r Score:0.5825515947467167
INFO:root:Epoch: 15-    Val F1 Score:0.5233881163084703
INFO:root:epoch16
INFO:root:Epoch: 16-    dev F1 Score: 0.5568627450980392
INFO:root:Epoch: 16-    Val p Score:0.44265232974910396
INFO:root:Epoch: 16-    Val r Score:0.6951219512195121
INFO:root:Epoch: 16-    Val F1 Score:0.5408759124087591
INFO:root:epoch17
INFO:root:Epoch: 17-    dev F1 Score: 0.522875816993464
INFO:root:Epoch: 17-    Val p Score:0.3835368611488014
INFO:root:Epoch: 17-    Val r Score:0.7954971857410882
INFO:root:Epoch: 17-    Val F1 Score:0.5175465364662801
INFO:root:epoch18
INFO:root:Epoch: 18-    dev F1 Score: 0.5398550724637681
INFO:root:Epoch: 18-    Val p Score:0.39215686274509803
INFO:root:Epoch: 18-    Val r Score:0.7504690431519699
INFO:root:Epoch: 18-    Val F1 Score:0.5151320025756599
INFO:root:epoch19
INFO:root:Epoch: 19-    dev F1 Score: 0.556237218813906
INFO:root:Epoch: 19-    Val p Score:0.4397293972939729
INFO:root:Epoch: 19-    Val r Score:0.6707317073170732
INFO:root:Epoch: 19-    Val F1 Score:0.5312035661218425
INFO:root:basemodel+position+entity_mask_ESIM30.6
INFO:root:epoch0
INFO:root:Epoch: 0-    dev F1 Score: 0.4383561643835616
INFO:root:Epoch: 0-    Val p Score:0.7285714285714285
INFO:root:Epoch: 0-    Val r Score:0.2870544090056285
INFO:root:Epoch: 0-    Val F1 Score:0.41184387617765816
INFO:root:epoch1
INFO:root:Epoch: 1-    dev F1 Score: 0.45945945945945943
INFO:root:Epoch: 1-    Val p Score:0.7280334728033473
INFO:root:Epoch: 1-    Val r Score:0.32645403377110693
INFO:root:Epoch: 1-    Val F1 Score:0.4507772020725388
INFO:root:epoch2
INFO:root:Epoch: 2-    dev F1 Score: 0.5384615384615384
INFO:root:Epoch: 2-    Val p Score:0.5617673579801623
INFO:root:Epoch: 2-    Val r Score:0.5844277673545967
INFO:root:Epoch: 2-    Val F1 Score:0.5728735632183908
INFO:root:epoch3
INFO:root:Epoch: 3-    dev F1 Score: 0.49025069637883
INFO:root:Epoch: 3-    Val p Score:0.5817610062893082
INFO:root:Epoch: 3-    Val r Score:0.5206378986866792
INFO:root:Epoch: 3-    Val F1 Score:0.5495049504950494
INFO:root:epoch4
INFO:root:Epoch: 4-    dev F1 Score: 0.5090909090909091
INFO:root:Epoch: 4-    Val p Score:0.5624355005159959
INFO:root:Epoch: 4-    Val r Score:0.5112570356472795
INFO:root:Epoch: 4-    Val F1 Score:0.5356265356265356
INFO:root:epoch5
INFO:root:Epoch: 5-    dev F1 Score: 0.5593220338983051
INFO:root:Epoch: 5-    Val p Score:0.465559655596556
INFO:root:Epoch: 5-    Val r Score:0.7101313320825516
INFO:root:Epoch: 5-    Val F1 Score:0.562407132243685
INFO:root:epoch6
INFO:root:Epoch: 6-    dev F1 Score: 0.556390977443609
INFO:root:Epoch: 6-    Val p Score:0.5394622723330442
INFO:root:Epoch: 6-    Val r Score:0.5834896810506567
INFO:root:Epoch: 6-    Val F1 Score:0.5606128886885985
INFO:root:epoch7
INFO:root:Epoch: 7-    dev F1 Score: 0.562962962962963
INFO:root:Epoch: 7-    Val p Score:0.533498759305211
INFO:root:Epoch: 7-    Val r Score:0.6050656660412758
INFO:root:Epoch: 7-    Val F1 Score:0.5670329670329671
INFO:root:epoch8
INFO:root:Epoch: 8-    dev F1 Score: 0.5145888594164456
INFO:root:Epoch: 8-    Val p Score:0.5384615384615384
INFO:root:Epoch: 8-    Val r Score:0.5384615384615384
INFO:root:Epoch: 8-    Val F1 Score:0.5384615384615384
INFO:root:epoch9
INFO:root:Epoch: 9-    dev F1 Score: 0.6012024048096192
INFO:root:Epoch: 9-    Val p Score:0.4630071599045346
INFO:root:Epoch: 9-    Val r Score:0.7279549718574109
INFO:root:Epoch: 9-    Val F1 Score:0.5660102115244348
INFO:root:epoch10
INFO:root:Epoch: 10-    dev F1 Score: 0.5333333333333333
INFO:root:Epoch: 10-    Val p Score:0.4439601494396015
INFO:root:Epoch: 10-    Val r Score:0.6688555347091932
INFO:root:Epoch: 10-    Val F1 Score:0.5336826347305389
INFO:root:epoch11
INFO:root:Epoch: 11-    dev F1 Score: 0.5097087378640777
INFO:root:Epoch: 11-    Val p Score:0.491699604743083
INFO:root:Epoch: 11-    Val r Score:0.5834896810506567
INFO:root:Epoch: 11-    Val F1 Score:0.5336765336765337
INFO:root:epoch12
INFO:root:Epoch: 12-    dev F1 Score: 0.5664335664335665
INFO:root:Epoch: 12-    Val p Score:0.4069369809477284
INFO:root:Epoch: 12-    Val r Score:0.7814258911819888
INFO:root:Epoch: 12-    Val F1 Score:0.5351750722775457
INFO:root:epoch13
INFO:root:Epoch: 13-    dev F1 Score: 0.5464098073555167
INFO:root:Epoch: 13-    Val p Score:0.40895218718209564
INFO:root:Epoch: 13-    Val r Score:0.7542213883677298
INFO:root:Epoch: 13-    Val F1 Score:0.5303430079155673
INFO:root:epoch14
INFO:root:Epoch: 14-    dev F1 Score: 0.5502846299810247
INFO:root:Epoch: 14-    Val p Score:0.422992299229923
INFO:root:Epoch: 14-    Val r Score:0.7213883677298312
INFO:root:Epoch: 14-    Val F1 Score:0.5332871012482664
INFO:root:epoch15
INFO:root:Epoch: 15-    dev F1 Score: 0.5402061855670103
INFO:root:Epoch: 15-    Val p Score:0.46983050847457625
INFO:root:Epoch: 15-    Val r Score:0.650093808630394
INFO:root:Epoch: 15-    Val F1 Score:0.5454545454545454
INFO:root:epoch16
INFO:root:Epoch: 16-    dev F1 Score: 0.549618320610687
INFO:root:Epoch: 16-    Val p Score:0.43838862559241704
INFO:root:Epoch: 16-    Val r Score:0.6941838649155723
INFO:root:Epoch: 16-    Val F1 Score:0.5374001452432826
INFO:root:epoch17
INFO:root:Epoch: 17-    dev F1 Score: 0.5247148288973384
INFO:root:Epoch: 17-    Val p Score:0.4221724524076148
INFO:root:Epoch: 17-    Val r Score:0.7073170731707317
INFO:root:Epoch: 17-    Val F1 Score:0.5287517531556802
INFO:root:epoch18
INFO:root:Epoch: 18-    dev F1 Score: 0.5375626043405677
INFO:root:Epoch: 18-    Val p Score:0.3864168618266979
INFO:root:Epoch: 18-    Val r Score:0.773921200750469
INFO:root:Epoch: 18-    Val F1 Score:0.5154639175257731
INFO:root:epoch19
INFO:root:Epoch: 19-    dev F1 Score: 0.5223367697594502
INFO:root:Epoch: 19-    Val p Score:0.38785270205643235
INFO:root:Epoch: 19-    Val r Score:0.7607879924953096
INFO:root:Epoch: 19-    Val F1 Score:0.5137789040228065
INFO:root:basemodel+position+entity_mask_ESIM30.7
INFO:root:epoch0
INFO:root:Epoch: 0-    dev F1 Score: 0.5490196078431372
INFO:root:Epoch: 0-    Val p Score:0.43083205717202655
INFO:root:Epoch: 0-    Val r Score:0.7917448405253283
INFO:root:Epoch: 0-    Val F1 Score:0.5580165289256199
INFO:root:epoch1
INFO:root:Epoch: 1-    dev F1 Score: 0.5696202531645569
INFO:root:Epoch: 1-    Val p Score:0.5308943089430894
INFO:root:Epoch: 1-    Val r Score:0.6125703564727955
INFO:root:Epoch: 1-    Val F1 Score:0.568815331010453
INFO:root:epoch2
INFO:root:Epoch: 2-    dev F1 Score: 0.4858044164037855
INFO:root:Epoch: 2-    Val p Score:0.6924428822495606
INFO:root:Epoch: 2-    Val r Score:0.3696060037523452
INFO:root:Epoch: 2-    Val F1 Score:0.4819571865443425
INFO:root:epoch3
INFO:root:Epoch: 3-    dev F1 Score: 0.512022630834512
INFO:root:Epoch: 3-    Val p Score:0.3691089108910891
INFO:root:Epoch: 3-    Val r Score:0.874296435272045
INFO:root:Epoch: 3-    Val F1 Score:0.5190754664438875
INFO:root:epoch4
INFO:root:Epoch: 4-    dev F1 Score: 0.5517241379310345
INFO:root:Epoch: 4-    Val p Score:0.4452201933404941
INFO:root:Epoch: 4-    Val r Score:0.7776735459662288
INFO:root:Epoch: 4-    Val F1 Score:0.566256830601093
INFO:root:epoch5
INFO:root:Epoch: 5-    dev F1 Score: 0.539568345323741
INFO:root:Epoch: 5-    Val p Score:0.4202020202020202
INFO:root:Epoch: 5-    Val r Score:0.7804878048780488
INFO:root:Epoch: 5-    Val F1 Score:0.5462902166776099
INFO:root:epoch6
INFO:root:Epoch: 6-    dev F1 Score: 0.5781584582441114
INFO:root:Epoch: 6-    Val p Score:0.48214285714285715
INFO:root:Epoch: 6-    Val r Score:0.6838649155722326
INFO:root:Epoch: 6-    Val F1 Score:0.5655546935608999
INFO:root:epoch7
INFO:root:Epoch: 7-    dev F1 Score: 0.5680473372781065
INFO:root:Epoch: 7-    Val p Score:0.439067055393586
INFO:root:Epoch: 7-    Val r Score:0.7063789868667918
INFO:root:Epoch: 7-    Val F1 Score:0.5415318230852211
INFO:root:epoch8
INFO:root:Epoch: 8-    dev F1 Score: 0.5685071574642127
INFO:root:Epoch: 8-    Val p Score:0.4720457433290978
INFO:root:Epoch: 8-    Val r Score:0.6969981238273921
INFO:root:Epoch: 8-    Val F1 Score:0.5628787878787878
INFO:root:epoch9
INFO:root:Epoch: 9-    dev F1 Score: 0.5791666666666666
INFO:root:Epoch: 9-    Val p Score:0.462640099626401
INFO:root:Epoch: 9-    Val r Score:0.6969981238273921
INFO:root:Epoch: 9-    Val F1 Score:0.5561377245508982
INFO:root:epoch10
INFO:root:Epoch: 10-    dev F1 Score: 0.5551020408163265
INFO:root:Epoch: 10-    Val p Score:0.4446439257929384
INFO:root:Epoch: 10-    Val r Score:0.6969981238273921
INFO:root:Epoch: 10-    Val F1 Score:0.5429302155644867
INFO:root:epoch11
INFO:root:Epoch: 11-    dev F1 Score: 0.5634920634920635
INFO:root:Epoch: 11-    Val p Score:0.4206128133704735
INFO:root:Epoch: 11-    Val r Score:0.7082551594746717
INFO:root:Epoch: 11-    Val F1 Score:0.5277874868926948
INFO:root:epoch12
INFO:root:Epoch: 12-    dev F1 Score: 0.5642023346303502
INFO:root:Epoch: 12-    Val p Score:0.4343891402714932
INFO:root:Epoch: 12-    Val r Score:0.7204502814258912
INFO:root:Epoch: 12-    Val F1 Score:0.5419901199717713
INFO:root:epoch13
INFO:root:Epoch: 13-    dev F1 Score: 0.5578947368421052
INFO:root:Epoch: 13-    Val p Score:0.4103869653767821
INFO:root:Epoch: 13-    Val r Score:0.7560975609756098
INFO:root:Epoch: 13-    Val F1 Score:0.532013201320132
INFO:root:epoch14
INFO:root:Epoch: 14-    dev F1 Score: 0.574757281553398
INFO:root:Epoch: 14-    Val p Score:0.42502883506343714
INFO:root:Epoch: 14-    Val r Score:0.6913696060037523
INFO:root:Epoch: 14-    Val F1 Score:0.5264285714285715
INFO:root:epoch15
INFO:root:Epoch: 15-    dev F1 Score: 0.5503355704697986
INFO:root:Epoch: 15-    Val p Score:0.38308457711442784
INFO:root:Epoch: 15-    Val r Score:0.7945590994371482
INFO:root:Epoch: 15-    Val F1 Score:0.5169362221544095
INFO:root:epoch16
INFO:root:Epoch: 16-    dev F1 Score: 0.5622641509433962
INFO:root:Epoch: 16-    Val p Score:0.41634877384196184
INFO:root:Epoch: 16-    Val r Score:0.7166979362101313
INFO:root:Epoch: 16-    Val F1 Score:0.526714925887625
INFO:root:epoch17
INFO:root:Epoch: 17-    dev F1 Score: 0.5464285714285715
INFO:root:Epoch: 17-    Val p Score:0.4017223910840932
INFO:root:Epoch: 17-    Val r Score:0.7439024390243902
INFO:root:Epoch: 17-    Val F1 Score:0.5217105263157894
INFO:root:epoch18
INFO:root:Epoch: 18-    dev F1 Score: 0.5463917525773195
INFO:root:Epoch: 18-    Val p Score:0.38584585555016965
INFO:root:Epoch: 18-    Val r Score:0.7467166979362101
INFO:root:Epoch: 18-    Val F1 Score:0.5087887503994887
INFO:root:epoch19
INFO:root:Epoch: 19-    dev F1 Score: 0.5185185185185186
INFO:root:Epoch: 19-    Val p Score:0.3495966192854399
INFO:root:Epoch: 19-    Val r Score:0.8536585365853658
INFO:root:Epoch: 19-    Val F1 Score:0.4960479694739711
INFO:root:basemodel+position+entity_mask_ESIM330.3
INFO:root:basemodel+position+entity_mask_ESIM330.3
INFO:root:basemodel+position+entity_mask_ESIM330.3
INFO:root:epoch0
INFO:root:Epoch: 0-    dev F1 Score: 0.532608695652174
INFO:root:Epoch: 0-    Val p Score:0.61090458488228
INFO:root:Epoch: 0-    Val r Score:0.4624765478424015
INFO:root:Epoch: 0-    Val F1 Score:0.5264281900694073
INFO:root:epoch1
INFO:root:Epoch: 1-    dev F1 Score: 0.5219298245614035
INFO:root:Epoch: 1-    Val p Score:0.5336832895888014
INFO:root:Epoch: 1-    Val r Score:0.5722326454033771
INFO:root:Epoch: 1-    Val F1 Score:0.552286102308737
INFO:root:epoch2
INFO:root:Epoch: 2-    dev F1 Score: 0.5352112676056339
INFO:root:Epoch: 2-    Val p Score:0.4636363636363636
INFO:root:Epoch: 2-    Val r Score:0.7176360225140713
INFO:root:Epoch: 2-    Val F1 Score:0.5633284241531664
INFO:root:epoch3
INFO:root:Epoch: 3-    dev F1 Score: 0.5170068027210885
INFO:root:Epoch: 3-    Val p Score:0.5164576802507836
INFO:root:Epoch: 3-    Val r Score:0.6181988742964353
INFO:root:Epoch: 3-    Val F1 Score:0.5627668659265584
INFO:root:epoch4
INFO:root:Epoch: 4-    dev F1 Score: 0.513888888888889
INFO:root:Epoch: 4-    Val p Score:0.48249027237354086
INFO:root:Epoch: 4-    Val r Score:0.5816135084427767
INFO:root:Epoch: 4-    Val F1 Score:0.5274351339855381
INFO:root:epoch5


INFO:root:basemodel+position+entity_mask_ESIM330.3
INFO:root:epoch0
INFO:root:Epoch: 0-    dev F1 Score: 0.3294117647058823
INFO:root:Epoch: 0-    Val p Score:0.8181818181818182
INFO:root:Epoch: 0-    Val r Score:0.18574108818011256
INFO:root:Epoch: 0-    Val F1 Score:0.30275229357798167
INFO:root:epoch1
INFO:root:Epoch: 1-    dev F1 Score: 0.5497076023391811
INFO:root:Epoch: 1-    Val p Score:0.48755884330867516
INFO:root:Epoch: 1-    Val r Score:0.6801125703564728
INFO:root:Epoch: 1-    Val F1 Score:0.5679592636114376
INFO:root:epoch2
INFO:root:Epoch: 2-    dev F1 Score: 0.5222551928783383
INFO:root:Epoch: 2-    Val p Score:0.6365030674846626
INFO:root:Epoch: 2-    Val r Score:0.3893058161350844
INFO:root:Epoch: 2-    Val F1 Score:0.4831199068684517
INFO:root:epoch3
INFO:root:Epoch: 3-    dev F1 Score: 0.5427509293680297
INFO:root:Epoch: 3-    Val p Score:0.45365572826712725
INFO:root:Epoch: 3-    Val r Score:0.7392120075046904
INFO:root:Epoch: 3-    Val F1 Score:0.5622547270781306
INFO:root:epoch4
INFO:root:Epoch: 4-    dev F1 Score: 0.5935162094763092
INFO:root:Epoch: 4-    Val p Score:0.5569259962049335
INFO:root:Epoch: 4-    Val r Score:0.550656660412758
INFO:root:Epoch: 4-    Val F1 Score:0.5537735849056603
INFO:root:epoch5
INFO:root:basemodel+position+entity_mask_ESIM340.3
INFO:root:epoch0
INFO:root:Epoch: 0-    dev F1 Score: 0.5067385444743936
INFO:root:Epoch: 0-    Val p Score:0.5874285714285714
INFO:root:Epoch: 0-    Val r Score:0.4821763602251407
INFO:root:Epoch: 0-    Val F1 Score:0.5296239052035033
INFO:root:epoch1
INFO:root:Epoch: 1-    dev F1 Score: 0.5858585858585859
INFO:root:Epoch: 1-    Val p Score:0.5884652981427175
INFO:root:Epoch: 1-    Val r Score:0.5647279549718575
INFO:root:Epoch: 1-    Val F1 Score:0.5763523216850168
INFO:root:epoch2
INFO:root:Epoch: 2-    dev F1 Score: 0.5583333333333333
INFO:root:Epoch: 2-    Val p Score:0.4852374839537869
INFO:root:Epoch: 2-    Val r Score:0.7091932457786116
INFO:root:Epoch: 2-    Val F1 Score:0.5762195121951219
INFO:root:epoch3
INFO:root:Epoch: 3-    dev F1 Score: 0.5797598627787307
INFO:root:Epoch: 3-    Val p Score:0.42392344497607654
INFO:root:Epoch: 3-    Val r Score:0.8311444652908068
INFO:root:Epoch: 3-    Val F1 Score:0.5614702154626109
INFO:root:epoch4
INFO:root:Epoch: 4-    dev F1 Score: 0.5818181818181818
INFO:root:Epoch: 4-    Val p Score:0.43876518218623484
INFO:root:Epoch: 4-    Val r Score:0.8133208255159474
INFO:root:Epoch: 4-    Val F1 Score:0.5700197238658777
INFO:root:epoch5
INFO:root:Epoch: 5-    dev F1 Score: 0.608272506082725
INFO:root:Epoch: 5-    Val p Score:0.5494505494505495
INFO:root:Epoch: 5-    Val r Score:0.6097560975609756
INFO:root:Epoch: 5-    Val F1 Score:0.5780346820809249
INFO:root:epoch6
INFO:root:Epoch: 6-    dev F1 Score: 0.6044624746450304
INFO:root:Epoch: 6-    Val p Score:0.48353096179183136
INFO:root:Epoch: 6-    Val r Score:0.6885553470919324
INFO:root:Epoch: 6-    Val F1 Score:0.568111455108359
INFO:root:epoch7
INFO:root:Epoch: 7-    dev F1 Score: 0.5401459854014599
INFO:root:Epoch: 7-    Val p Score:0.5161550888529887
INFO:root:Epoch: 7-    Val r Score:0.599437148217636
INFO:root:Epoch: 7-    Val F1 Score:0.5546874999999999
INFO:root:epoch8
INFO:root:Epoch: 8-    dev F1 Score: 0.521505376344086
INFO:root:Epoch: 8-    Val p Score:0.5594202898550724
INFO:root:Epoch: 8-    Val r Score:0.5431519699812383
INFO:root:Epoch: 8-    Val F1 Score:0.5511661113755355
INFO:root:epoch9
INFO:root:Epoch: 9-    dev F1 Score: 0.5539906103286385
INFO:root:Epoch: 9-    Val p Score:0.4909377462568952
INFO:root:Epoch: 9-    Val r Score:0.5844277673545967
INFO:root:Epoch: 9-    Val F1 Score:0.5336188436830835
INFO:root:epoch10
INFO:root:Epoch: 10-    dev F1 Score: 0.5515873015873015
INFO:root:Epoch: 10-    Val p Score:0.4260869565217391
INFO:root:Epoch: 10-    Val r Score:0.6894934333958724
INFO:root:Epoch: 10-    Val F1 Score:0.5266929415979935
INFO:root:epoch11
INFO:root:Epoch: 11-    dev F1 Score: 0.5714285714285713
INFO:root:Epoch: 11-    Val p Score:0.43597560975609756
INFO:root:Epoch: 11-    Val r Score:0.6707317073170732
INFO:root:Epoch: 11-    Val F1 Score:0.5284552845528455
INFO:root:epoch12
INFO:root:Epoch: 12-    dev F1 Score: 0.5594405594405595
INFO:root:Epoch: 12-    Val p Score:0.40540540540540543
INFO:root:Epoch: 12-    Val r Score:0.7879924953095685
INFO:root:Epoch: 12-    Val F1 Score:0.5353728489483748
INFO:root:epoch13
INFO:root:Epoch: 13-    dev F1 Score: 0.5477707006369428
INFO:root:Epoch: 13-    Val p Score:0.4460063897763578
INFO:root:Epoch: 13-    Val r Score:0.6547842401500938
INFO:root:Epoch: 13-    Val F1 Score:0.5305967312808818
INFO:root:epoch14
INFO:root:Epoch: 14-    dev F1 Score: 0.5587583148558758
INFO:root:Epoch: 14-    Val p Score:0.44666666666666666
INFO:root:Epoch: 14-    Val r Score:0.6285178236397748
INFO:root:Epoch: 14-    Val F1 Score:0.5222135619641465
INFO:root:epoch15
INFO:root:Epoch: 15-    dev F1 Score: 0.5553047404063205
INFO:root:Epoch: 15-    Val p Score:0.4625706214689266
INFO:root:Epoch: 15-    Val r Score:0.6144465290806754
INFO:root:Epoch: 15-    Val F1 Score:0.5278001611603546
INFO:root:epoch16
INFO:root:Epoch: 16-    dev F1 Score: 0.5399999999999999
INFO:root:Epoch: 16-    Val p Score:0.4387878787878788
INFO:root:Epoch: 16-    Val r Score:0.6791744840525328
INFO:root:Epoch: 16-    Val F1 Score:0.5331369661266568
INFO:root:epoch17
INFO:root:Epoch: 17-    dev F1 Score: 0.5147679324894514
INFO:root:Epoch: 17-    Val p Score:0.34994462901439644
INFO:root:Epoch: 17-    Val r Score:0.8893058161350844
INFO:root:Epoch: 17-    Val F1 Score:0.5022516556291391
INFO:root:epoch18
INFO:root:Epoch: 18-    dev F1 Score: 0.5644171779141105
INFO:root:Epoch: 18-    Val p Score:0.4485029940119761
INFO:root:Epoch: 18-    Val r Score:0.702626641651032
INFO:root:Epoch: 18-    Val F1 Score:0.547514619883041
INFO:root:epoch19
INFO:root:Epoch: 19-    dev F1 Score: 0.5719557195571956
INFO:root:Epoch: 19-    Val p Score:0.41545643153526973
INFO:root:Epoch: 19-    Val r Score:0.7514071294559099
INFO:root:Epoch: 19-    Val F1 Score:0.5350701402805611


INFO:root:basemodel+position+entity_mask_ESIM30.3
INFO:root:epoch0
INFO:root:Epoch: 0-    dev F1 Score: 0.4777070063694267
INFO:root:Epoch: 0-    Val p Score:0.694980694980695
INFO:root:Epoch: 0-    Val r Score:0.33771106941838647
INFO:root:Epoch: 0-    Val F1 Score:0.4545454545454545
INFO:root:epoch1
INFO:root:Epoch: 1-    dev F1 Score: 0.557142857142857
INFO:root:Epoch: 1-    Val p Score:0.563953488372093
INFO:root:Epoch: 1-    Val r Score:0.5459662288930581
INFO:root:Epoch: 1-    Val F1 Score:0.5548141086749284
INFO:root:epoch2
INFO:root:Epoch: 2-    dev F1 Score: 0.5027027027027028
INFO:root:Epoch: 2-    Val p Score:0.586046511627907
INFO:root:Epoch: 2-    Val r Score:0.4727954971857411
INFO:root:Epoch: 2-    Val F1 Score:0.5233644859813084
INFO:root:epoch3
INFO:root:Epoch: 3-    dev F1 Score: 0.5719769673704415
INFO:root:Epoch: 3-    Val p Score:0.4692400482509047
INFO:root:Epoch: 3-    Val r Score:0.7298311444652908
INFO:root:Epoch: 3-    Val F1 Score:0.5712187958883995
INFO:root:epoch4
INFO:root:Epoch: 4-    dev F1 Score: 0.5093833780160858
INFO:root:Epoch: 4-    Val p Score:0.5565410199556541
INFO:root:Epoch: 4-    Val r Score:0.4709193245778612
INFO:root:Epoch: 4-    Val F1 Score:0.5101626016260162
INFO:root:epoch5
INFO:root:Epoch: 5-    dev F1 Score: 0.5401459854014599
INFO:root:Epoch: 5-    Val p Score:0.43802112284602557
INFO:root:Epoch: 5-    Val r Score:0.7392120075046904
INFO:root:Epoch: 5-    Val F1 Score:0.550087260034904
INFO:root:epoch6

INFO:root:basemodel+position+entity_mask_ESIM52_0
INFO:root:epoch0
INFO:root:Epoch: 0-    dev F1 Score: 0.4985507246376812
INFO:root:Epoch: 0-    Val p Score:0.6238670694864048
INFO:root:Epoch: 0-    Val r Score:0.3874296435272045
INFO:root:Epoch: 0-    Val F1 Score:0.47800925925925924
INFO:root:epoch1
INFO:root:Epoch: 1-    dev F1 Score: 0.5930470347648261
INFO:root:Epoch: 1-    Val p Score:0.5395787944807553
INFO:root:Epoch: 1-    Val r Score:0.6969981238273921
INFO:root:Epoch: 1-    Val F1 Score:0.6082685223086369
INFO:root:epoch2
INFO:root:Epoch: 2-    dev F1 Score: 0.5306122448979592
INFO:root:Epoch: 2-    Val p Score:0.668010752688172
INFO:root:Epoch: 2-    Val r Score:0.46622889305816134
INFO:root:Epoch: 2-    Val F1 Score:0.5491712707182321
INFO:root:epoch3
INFO:root:Epoch: 3-    dev F1 Score: 0.576530612244898
INFO:root:Epoch: 3-    Val p Score:0.5726829268292682
INFO:root:Epoch: 3-    Val r Score:0.550656660412758
INFO:root:Epoch: 3-    Val F1 Score:0.5614538498326159
INFO:root:epoch4
INFO:root:Epoch: 4-    dev F1 Score: 0.4573170731707317
INFO:root:Epoch: 4-    Val p Score:0.6465753424657534
INFO:root:Epoch: 4-    Val r Score:0.4427767354596623
INFO:root:Epoch: 4-    Val F1 Score:0.5256124721603563
INFO:root:epoch5
INFO:root:Epoch: 5-    dev F1 Score: 0.5758928571428571
INFO:root:Epoch: 5-    Val p Score:0.5102639296187683
INFO:root:Epoch: 5-    Val r Score:0.6529080675422139
INFO:root:Epoch: 5-    Val F1 Score:0.5728395061728395
INFO:root:epoch6
INFO:root:Epoch: 6-    dev F1 Score: 0.5430210325047801
INFO:root:Epoch: 6-    Val p Score:0.4325353645266594
INFO:root:Epoch: 6-    Val r Score:0.7457786116322702
INFO:root:Epoch: 6-    Val F1 Score:0.5475206611570248
INFO:root:epoch7
INFO:root:Epoch: 7-    dev F1 Score: 0.5023474178403756
INFO:root:Epoch: 7-    Val p Score:0.47270114942528735
INFO:root:Epoch: 7-    Val r Score:0.6172607879924953
INFO:root:Epoch: 7-    Val F1 Score:0.5353946297803092
INFO:root:epoch8
INFO:root:Epoch: 8-    dev F1 Score: 0.5335463258785942
INFO:root:Epoch: 8-    Val p Score:0.370989010989011
INFO:root:Epoch: 8-    Val r Score:0.7917448405253283
INFO:root:Epoch: 8-    Val F1 Score:0.5052379527087698
INFO:root:epoch9
INFO:root:Epoch: 9-    dev F1 Score: 0.5400696864111498
INFO:root:Epoch: 9-    Val p Score:0.4170061099796334
INFO:root:Epoch: 9-    Val r Score:0.7682926829268293
INFO:root:Epoch: 9-    Val F1 Score:0.5405940594059405
INFO:root:epoch10
INFO:root:Epoch: 10-    dev F1 Score: 0.5387205387205387
INFO:root:Epoch: 10-    Val p Score:0.3900226757369615
INFO:root:Epoch: 10-    Val r Score:0.8067542213883677
INFO:root:Epoch: 10-    Val F1 Score:0.5258330785692449
INFO:root:epoch11
INFO:root:Epoch: 11-    dev F1 Score: 0.5457570715474208
INFO:root:Epoch: 11-    Val p Score:0.3857677902621723
INFO:root:Epoch: 11-    Val r Score:0.7729831144465291
INFO:root:Epoch: 11-    Val F1 Score:0.5146783260462211
INFO:root:epoch12
INFO:root:Epoch: 12-    dev F1 Score: 0.5189620758483033
INFO:root:Epoch: 12-    Val p Score:0.431144683323649
INFO:root:Epoch: 12-    Val r Score:0.6960600375234521
INFO:root:Epoch: 12-    Val F1 Score:0.5324721923214926
INFO:root:epoch13
INFO:root:Epoch: 13-    dev F1 Score: 0.5336538461538463
INFO:root:Epoch: 13-    Val p Score:0.47315436241610737
INFO:root:Epoch: 13-    Val r Score:0.5290806754221389
INFO:root:Epoch: 13-    Val F1 Score:0.4995571302037201
INFO:root:epoch14
INFO:root:Epoch: 14-    dev F1 Score: 0.5316455696202532
INFO:root:Epoch: 14-    Val p Score:0.4109878499735869
INFO:root:Epoch: 14-    Val r Score:0.7298311444652908
INFO:root:Epoch: 14-    Val F1 Score:0.5258533288273065
INFO:root:epoch15
INFO:root:Epoch: 15-    dev F1 Score: 0.5365853658536586
INFO:root:Epoch: 15-    Val p Score:0.4092920353982301
INFO:root:Epoch: 15-    Val r Score:0.6941838649155723
INFO:root:Epoch: 15-    Val F1 Score:0.5149617258176757
INFO:root:epoch16
INFO:root:Epoch: 16-    dev F1 Score: 0.5423728813559322
INFO:root:Epoch: 16-    Val p Score:0.4605722260990928
INFO:root:Epoch: 16-    Val r Score:0.6191369606003753
INFO:root:Epoch: 16-    Val F1 Score:0.5282112845138055
INFO:root:epoch17
INFO:root:Epoch: 17-    dev F1 Score: 0.45273631840796025
INFO:root:Epoch: 17-    Val p Score:0.4641975308641975
INFO:root:Epoch: 17-    Val r Score:0.5290806754221389
INFO:root:Epoch: 17-    Val F1 Score:0.494519947391495
INFO:root:epoch18
INFO:root:Epoch: 18-    dev F1 Score: 0.5426356589147288
INFO:root:Epoch: 18-    Val p Score:0.4204609331084879
INFO:root:Epoch: 18-    Val r Score:0.701688555347092
INFO:root:Epoch: 18-    Val F1 Score:0.5258347978910369
INFO:root:epoch19
INFO:root:Epoch: 19-    dev F1 Score: 0.512249443207127
INFO:root:Epoch: 19-    Val p Score:0.4586834733893557
INFO:root:Epoch: 19-    Val r Score:0.6144465290806754
INFO:root:Epoch: 19-    Val F1 Score:0.5252606255012029


INFO:root:basemodel+position+entity_mask_ESIM52_1
INFO:root:epoch0
INFO:root:Epoch: 0-    dev F1 Score: 0.4098939929328622
INFO:root:Epoch: 0-    Val p Score:0.7068062827225131
INFO:root:Epoch: 0-    Val r Score:0.25328330206378985
INFO:root:Epoch: 0-    Val F1 Score:0.37292817679558016
INFO:root:epoch1
INFO:root:Epoch: 1-    dev F1 Score: 0.5700000000000001
INFO:root:Epoch: 1-    Val p Score:0.5776031434184676
INFO:root:Epoch: 1-    Val r Score:0.551594746716698
INFO:root:Epoch: 1-    Val F1 Score:0.564299424184261
INFO:root:epoch2
INFO:root:Epoch: 2-    dev F1 Score: 0.5198776758409787
INFO:root:Epoch: 2-    Val p Score:0.657856093979442
INFO:root:Epoch: 2-    Val r Score:0.4202626641651032
INFO:root:Epoch: 2-    Val F1 Score:0.5128792215226102
INFO:root:epoch3
INFO:root:Epoch: 3-    dev F1 Score: 0.47557003257328984
INFO:root:Epoch: 3-    Val p Score:0.6952714535901926
INFO:root:Epoch: 3-    Val r Score:0.3724202626641651
INFO:root:Epoch: 3-    Val F1 Score:0.4850335980452047
INFO:root:epoch4
INFO:root:Epoch: 4-    dev F1 Score: 0.34944237918215615
INFO:root:Epoch: 4-    Val p Score:0.7338935574229691
INFO:root:Epoch: 4-    Val r Score:0.24577861163227016
INFO:root:Epoch: 4-    Val F1 Score:0.36823612087139845
INFO:root:epoch5
INFO:root:Epoch: 5-    dev F1 Score: 0.3931034482758621
INFO:root:Epoch: 5-    Val p Score:0.6465696465696466
INFO:root:Epoch: 5-    Val r Score:0.29174484052532834
INFO:root:Epoch: 5-    Val F1 Score:0.40206851971557855
INFO:root:epoch6
INFO:root:Epoch: 6-    dev F1 Score: 0.5555555555555556
INFO:root:Epoch: 6-    Val p Score:0.46581769436997317
INFO:root:Epoch: 6-    Val r Score:0.6519699812382739
INFO:root:Epoch: 6-    Val F1 Score:0.5433932759968726
INFO:root:epoch7
INFO:root:Epoch: 7-    dev F1 Score: 0.5505226480836236
INFO:root:Epoch: 7-    Val p Score:0.4055
INFO:root:Epoch: 7-    Val r Score:0.7607879924953096
INFO:root:Epoch: 7-    Val F1 Score:0.5290280495759948
INFO:root:epoch8
INFO:root:Epoch: 8-    dev F1 Score: 0.5441176470588236
INFO:root:Epoch: 8-    Val p Score:0.5117150890346767
INFO:root:Epoch: 8-    Val r Score:0.5121951219512195
INFO:root:Epoch: 8-    Val F1 Score:0.5119549929676511
INFO:root:epoch9
INFO:root:Epoch: 9-    dev F1 Score: 0.5035561877667141
INFO:root:Epoch: 9-    Val p Score:0.3460788138899727
INFO:root:Epoch: 9-    Val r Score:0.8320825515947468
INFO:root:Epoch: 9-    Val F1 Score:0.48883990079911827
INFO:root:basemodel+position+entity_mask_ESIM52_2
INFO:root:epoch0
INFO:root:Epoch: 0-    dev F1 Score: 0.39568345323741
INFO:root:Epoch: 0-    Val p Score:0.686084142394822
INFO:root:Epoch: 0-    Val r Score:0.19887429643527205
INFO:root:Epoch: 0-    Val F1 Score:0.3083636363636364
INFO:root:epoch1
INFO:root:Epoch: 1-    dev F1 Score: 0.5396145610278372
INFO:root:Epoch: 1-    Val p Score:0.5092073658927142
INFO:root:Epoch: 1-    Val r Score:0.5966228893058161
INFO:root:Epoch: 1-    Val F1 Score:0.5494600431965442
INFO:root:epoch2
INFO:root:Epoch: 2-    dev F1 Score: 0.5149700598802395
INFO:root:Epoch: 2-    Val p Score:0.6552287581699346
INFO:root:Epoch: 2-    Val r Score:0.37617260787992496
INFO:root:Epoch: 2-    Val F1 Score:0.4779499404052444
INFO:root:epoch3
INFO:root:Epoch: 3-    dev F1 Score: 0.5617433414043583
INFO:root:Epoch: 3-    Val p Score:0.5691854759568205
INFO:root:Epoch: 3-    Val r Score:0.5440900562851783
INFO:root:Epoch: 3-    Val F1 Score:0.5563549160671463
INFO:root:epoch4
INFO:root:Epoch: 4-    dev F1 Score: 0.5079365079365079
INFO:root:Epoch: 4-    Val p Score:0.40633608815426997
INFO:root:Epoch: 4-    Val r Score:0.8302063789868668
INFO:root:Epoch: 4-    Val F1 Score:0.5456226880394575
INFO:root:epoch5
INFO:root:Epoch: 5-    dev F1 Score: 0.5585585585585585
INFO:root:Epoch: 5-    Val p Score:0.52
INFO:root:Epoch: 5-    Val r Score:0.5975609756097561
INFO:root:Epoch: 5-    Val F1 Score:0.5560890440855522
INFO:root:epoch6
INFO:root:Epoch: 6-    dev F1 Score: 0.4782608695652174
INFO:root:Epoch: 6-    Val p Score:0.6580645161290323
INFO:root:Epoch: 6-    Val r Score:0.3827392120075047
INFO:root:Epoch: 6-    Val F1 Score:0.4839857651245552
INFO:root:epoch7
INFO:root:Epoch: 7-    dev F1 Score: 0.5664488017429194
INFO:root:Epoch: 7-    Val p Score:0.4704225352112676
INFO:root:Epoch: 7-    Val r Score:0.626641651031895
INFO:root:Epoch: 7-    Val F1 Score:0.5374094931617056
INFO:root:epoch8
INFO:root:Epoch: 8-    dev F1 Score: 0.5454545454545454
INFO:root:Epoch: 8-    Val p Score:0.41063291139240504
INFO:root:Epoch: 8-    Val r Score:0.7607879924953096
INFO:root:Epoch: 8-    Val F1 Score:0.5333771785596844
INFO:root:epoch9
INFO:root:Epoch: 9-    dev F1 Score: 0.5564853556485356
INFO:root:Epoch: 9-    Val p Score:0.47507122507122507
INFO:root:Epoch: 9-    Val r Score:0.625703564727955
INFO:root:Epoch: 9-    Val F1 Score:0.540080971659919
INFO:root:basemodel+position+entity_mask_ESIM52_3
INFO:root:epoch0
INFO:root:Epoch: 0-    dev F1 Score: 0.09090909090909091
INFO:root:Epoch: 0-    Val p Score:0.7571428571428571
INFO:root:Epoch: 0-    Val r Score:0.04971857410881801
INFO:root:Epoch: 0-    Val F1 Score:0.09330985915492959
INFO:root:epoch1
INFO:root:Epoch: 1-    dev F1 Score: 0.545144804088586
INFO:root:Epoch: 1-    Val p Score:0.43527416619559073
INFO:root:Epoch: 1-    Val r Score:0.7223264540337712
INFO:root:Epoch: 1-    Val F1 Score:0.54320987654321
INFO:root:epoch2
INFO:root:Epoch: 2-    dev F1 Score: 0.48
INFO:root:Epoch: 2-    Val p Score:0.6652078774617067
INFO:root:Epoch: 2-    Val r Score:0.2851782363977486
INFO:root:Epoch: 2-    Val F1 Score:0.39921208141825343
INFO:root:epoch3
INFO:root:Epoch: 3-    dev F1 Score: 0.5268292682926828
INFO:root:Epoch: 3-    Val p Score:0.5179533213644524
INFO:root:Epoch: 3-    Val r Score:0.5412757973733584
INFO:root:Epoch: 3-    Val F1 Score:0.5293577981651375
INFO:root:epoch4
INFO:root:Epoch: 4-    dev F1 Score: 0.5087378640776699
INFO:root:Epoch: 4-    Val p Score:0.44042420461634435
INFO:root:Epoch: 4-    Val r Score:0.6622889305816135
INFO:root:Epoch: 4-    Val F1 Score:0.5290370925440241
INFO:root:epoch5
INFO:root:Epoch: 5-    dev F1 Score: 0.5305164319248826
INFO:root:Epoch: 5-    Val p Score:0.5255009107468124
INFO:root:Epoch: 5-    Val r Score:0.5412757973733584
INFO:root:Epoch: 5-    Val F1 Score:0.533271719038817
INFO:root:epoch6
INFO:root:Epoch: 6-    dev F1 Score: 0.35877862595419846
INFO:root:Epoch: 6-    Val p Score:0.7031802120141343
INFO:root:Epoch: 6-    Val r Score:0.18667917448405252
INFO:root:Epoch: 6-    Val F1 Score:0.29503335804299485
INFO:root:epoch7
INFO:root:Epoch: 7-    dev F1 Score: 0.5069306930693069
INFO:root:Epoch: 7-    Val p Score:0.45016077170418006
INFO:root:Epoch: 7-    Val r Score:0.6566604127579737
INFO:root:Epoch: 7-    Val F1 Score:0.5341472720335749
INFO:root:epoch8
INFO:root:Epoch: 8-    dev F1 Score: 0.5132275132275133
INFO:root:Epoch: 8-    Val p Score:0.5521601685985248
INFO:root:Epoch: 8-    Val r Score:0.4915572232645403
INFO:root:Epoch: 8-    Val F1 Score:0.5200992555831266
INFO:root:epoch9
INFO:root:Epoch: 9-    dev F1 Score: 0.459119496855346
INFO:root:Epoch: 9-    Val p Score:0.6465364120781527
INFO:root:Epoch: 9-    Val r Score:0.34146341463414637
INFO:root:Epoch: 9-    Val F1 Score:0.4468999386126458
INFO:root:basemodel+position+entity_mask_ESIM52_4
INFO:root:epoch0
INFO:root:Epoch: 0-    dev F1 Score: 0.3841584158415841
INFO:root:Epoch: 0-    Val p Score:0.2700709994538504
INFO:root:Epoch: 0-    Val r Score:0.9277673545966229
INFO:root:Epoch: 0-    Val F1 Score:0.4183587140439933
INFO:root:epoch1
INFO:root:Epoch: 1-    dev F1 Score: 0.5539215686274509
INFO:root:Epoch: 1-    Val p Score:0.5758928571428571
INFO:root:Epoch: 1-    Val r Score:0.48405253283302063
INFO:root:Epoch: 1-    Val F1 Score:0.5259938837920489
INFO:root:epoch2
INFO:root:Epoch: 2-    dev F1 Score: 0.5525672371638142
INFO:root:Epoch: 2-    Val p Score:0.544921875
INFO:root:Epoch: 2-    Val r Score:0.5234521575984991
INFO:root:Epoch: 2-    Val F1 Score:0.5339712918660288
INFO:root:epoch3
INFO:root:Epoch: 3-    dev F1 Score: 0.5506493506493506
INFO:root:Epoch: 3-    Val p Score:0.579610538373425
INFO:root:Epoch: 3-    Val r Score:0.474671669793621
INFO:root:Epoch: 3-    Val F1 Score:0.5219185146982982
INFO:root:epoch4
INFO:root:Epoch: 4-    dev F1 Score: 0.5180533751962324
INFO:root:Epoch: 4-    Val p Score:0.39232613908872904
INFO:root:Epoch: 4-    Val r Score:0.7673545966228893
INFO:root:Epoch: 4-    Val F1 Score:0.5192002538876548
INFO:root:epoch5
INFO:root:Epoch: 5-    dev F1 Score: 0.5484633569739952
INFO:root:Epoch: 5-    Val p Score:0.5008488964346349
INFO:root:Epoch: 5-    Val r Score:0.5534709193245778
INFO:root:Epoch: 5-    Val F1 Score:0.5258467023172906
INFO:root:epoch6
INFO:root:Epoch: 6-    dev F1 Score: 0.543657331136738
INFO:root:Epoch: 6-    Val p Score:0.4048683556880278
INFO:root:Epoch: 6-    Val r Score:0.7645403377110694
INFO:root:Epoch: 6-    Val F1 Score:0.5293926599545307
INFO:root:epoch7
INFO:root:Epoch: 7-    dev F1 Score: 0.4792332268370607
INFO:root:Epoch: 7-    Val p Score:0.6462585034013606
INFO:root:Epoch: 7-    Val r Score:0.35647279549718575
INFO:root:Epoch: 7-    Val F1 Score:0.45949214026602175
INFO:root:epoch8
INFO:root:Epoch: 8-    dev F1 Score: 0.5354609929078014
INFO:root:Epoch: 8-    Val p Score:0.412707182320442
INFO:root:Epoch: 8-    Val r Score:0.700750469043152
INFO:root:Epoch: 8-    Val F1 Score:0.519471488178025
INFO:root:epoch9
INFO:root:Epoch: 9-    dev F1 Score: 0.5327510917030567
INFO:root:Epoch: 9-    Val p Score:0.4617668893838159
INFO:root:Epoch: 9-    Val r Score:0.5834896810506567
INFO:root:Epoch: 9-    Val F1 Score:0.5155408205553254
INFO:root:basemodel+position+entity_mask_ESIM52_5
INFO:root:epoch0
INFO:root:basemodel+position+entity_mask_ESIM7_gate_
INFO:root:basemodel+position+entity_mask_ESIM7_gate_
INFO:root:basemodel+position+entity_mask_ESIM7_gate_
INFO:root:basemodel+position+entity_mask_ESIM7_gate_
INFO:root:basemodel+position+entity_mask_ESIM7_gate_
INFO:root:epoch0
INFO:root:Epoch: 0-    dev F1 Score: 0.5515463917525772
INFO:root:Epoch: 0-    Val p Score:0.5943502824858757
INFO:root:Epoch: 0-    Val r Score:0.49343339587242024
INFO:root:Epoch: 0-    Val F1 Score:0.539210661199385
INFO:root:epoch1
INFO:root:Epoch: 1-    dev F1 Score: 0.5261044176706827
INFO:root:Epoch: 1-    Val p Score:0.46399499060738886
INFO:root:Epoch: 1-    Val r Score:0.6951219512195121
INFO:root:Epoch: 1-    Val F1 Score:0.5565152084115659
INFO:root:epoch2
INFO:root:Epoch: 2-    dev F1 Score: 0.5341246290801187
INFO:root:Epoch: 2-    Val p Score:0.6885474860335196
INFO:root:Epoch: 2-    Val r Score:0.4624765478424015
INFO:root:Epoch: 2-    Val F1 Score:0.55331088664422
INFO:root:epoch3
INFO:root:basemodel+position+entity_mask_ESIM7_gate_
INFO:root:basemodel+position+entity_mask_ESIM7_gate_
INFO:root:epoch0
INFO:root:Epoch: 0-    dev F1 Score: 0.579520697167756
INFO:root:Epoch: 0-    Val p Score:0.540016168148747
INFO:root:Epoch: 0-    Val r Score:0.626641651031895
INFO:root:Epoch: 0-    Val F1 Score:0.5801128962223188
INFO:root:epoch1
INFO:root:Epoch: 1-    dev F1 Score: 0.5623471882640586
INFO:root:Epoch: 1-    Val p Score:0.5679475164011246
INFO:root:Epoch: 1-    Val r Score:0.5684803001876173
INFO:root:Epoch: 1-    Val F1 Score:0.5682137834036569
INFO:root:epoch2
INFO:root:Epoch: 2-    dev F1 Score: 0.5892473118279571
INFO:root:Epoch: 2-    Val p Score:0.5308908045977011
INFO:root:Epoch: 2-    Val r Score:0.6932457786116323
INFO:root:Epoch: 2-    Val F1 Score:0.6013018714401953
INFO:root:epoch3
INFO:root:Epoch: 3-    dev F1 Score: 0.560483870967742
INFO:root:Epoch: 3-    Val p Score:0.5104942450914015
INFO:root:Epoch: 3-    Val r Score:0.7073170731707317
INFO:root:Epoch: 3-    Val F1 Score:0.593000393236335
INFO:root:epoch4
INFO:root:Epoch: 4-    dev F1 Score: 0.4850299401197604
INFO:root:Epoch: 4-    Val p Score:0.6238651102464332
INFO:root:Epoch: 4-    Val r Score:0.45121951219512196
INFO:root:Epoch: 4-    Val F1 Score:0.5236799129014699
INFO:root:epoch5
INFO:root:Epoch: 5-    dev F1 Score: 0.5425101214574899
INFO:root:Epoch: 5-    Val p Score:0.49427609427609426
INFO:root:Epoch: 5-    Val r Score:0.6885553470919324
INFO:root:Epoch: 5-    Val F1 Score:0.5754606036848294
INFO:root:epoch6
INFO:root:basemodel+position+entity_mask_ESIM7_gate_
INFO:root:basemodel+position+entity_mask_ESIM7_gate_
INFO:root:basemodel+position+entity_mask_ESIM7_gate_
INFO:root:basemodel+position+entity_mask_ESIM7_gate_
INFO:root:basemodel+position+entity_mask_ESIM7_gate_
INFO:root:basemodel+position+entity_mask_ESIM7_gate_
INFO:root:epoch0
INFO:root:Epoch: 0-    dev F1 Score: 0.3805970149253731
INFO:root:Epoch: 0-    Val p Score:0.7716262975778547
INFO:root:Epoch: 0-    Val r Score:0.20919324577861162
INFO:root:Epoch: 0-    Val F1 Score:0.3291512915129151
INFO:root:epoch1
INFO:root:Epoch: 1-    dev F1 Score: 0.5438972162740899
INFO:root:Epoch: 1-    Val p Score:0.5344262295081967
INFO:root:Epoch: 1-    Val r Score:0.6116322701688556
INFO:root:Epoch: 1-    Val F1 Score:0.5704286964129485
INFO:root:epoch2
INFO:root:Epoch: 2-    dev F1 Score: 0.5315068493150684
INFO:root:Epoch: 2-    Val p Score:0.626882966396292
INFO:root:Epoch: 2-    Val r Score:0.5075046904315197
INFO:root:Epoch: 2-    Val F1 Score:0.560912389839295
INFO:root:epoch3
INFO:root:Epoch: 3-    dev F1 Score: 0.49517684887459806
INFO:root:Epoch: 3-    Val p Score:0.6869983948635634
INFO:root:Epoch: 3-    Val r Score:0.40150093808630394
INFO:root:Epoch: 3-    Val F1 Score:0.5068087625814092
INFO:root:epoch4
INFO:root:Epoch: 4-    dev F1 Score: 0.5670498084291188
INFO:root:Epoch: 4-    Val p Score:0.47055324211778704
INFO:root:Epoch: 4-    Val r Score:0.7420262664165104
INFO:root:Epoch: 4-    Val F1 Score:0.575900982890426
INFO:root:epoch5
INFO:root:Epoch: 5-    dev F1 Score: 0.5333333333333333
INFO:root:Epoch: 5-    Val p Score:0.41306347746090155
INFO:root:Epoch: 5-    Val r Score:0.8424015009380863
INFO:root:Epoch: 5-    Val F1 Score:0.5543209876543209
INFO:root:epoch6
INFO:root:Epoch: 6-    dev F1 Score: 0.5403899721448469
INFO:root:Epoch: 6-    Val p Score:0.5895765472312704
INFO:root:Epoch: 6-    Val r Score:0.5093808630393997
INFO:root:Epoch: 6-    Val F1 Score:0.5465525918470056
INFO:root:epoch7
INFO:root:Epoch: 7-    dev F1 Score: 0.5760869565217391
INFO:root:Epoch: 7-    Val p Score:0.45525291828793774
INFO:root:Epoch: 7-    Val r Score:0.7682926829268293
INFO:root:Epoch: 7-    Val F1 Score:0.5717277486910994
INFO:root:epoch8
INFO:root:Epoch: 8-    dev F1 Score: 0.5186385737439222
INFO:root:Epoch: 8-    Val p Score:0.39416058394160586
INFO:root:Epoch: 8-    Val r Score:0.8105065666041276
INFO:root:Epoch: 8-    Val F1 Score:0.5303867403314917
INFO:root:epoch9
INFO:root:Epoch: 9-    dev F1 Score: 0.5184
INFO:root:Epoch: 9-    Val p Score:0.4088717454194793
INFO:root:Epoch: 9-    Val r Score:0.7954971857410882
INFO:root:Epoch: 9-    Val F1 Score:0.5401273885350318
INFO:root:basemodel+position+entity_mask_ESIM7_gate_
INFO:root:basemodel+position+entity_mask_ESIM7_gate_
INFO:root:epoch0
INFO:root:Epoch: 0-    dev F1 Score: 0.5189504373177842
INFO:root:Epoch: 0-    Val p Score:0.6564625850340136
INFO:root:Epoch: 0-    Val r Score:0.3621013133208255
INFO:root:Epoch: 0-    Val F1 Score:0.46674727932285365
INFO:root:epoch1
INFO:root:Epoch: 1-    dev F1 Score: 0.5031982942430703
INFO:root:Epoch: 1-    Val p Score:0.46671597633136097
INFO:root:Epoch: 1-    Val r Score:0.5919324577861164
INFO:root:Epoch: 1-    Val F1 Score:0.52191894127378
INFO:root:epoch2
INFO:root:basemodel+position+entity_mask_ESIM7_gate_
INFO:root:epoch0
INFO:root:basemodel+position+entity_mask_ESIM7_gate_
INFO:root:epoch0
INFO:root:Epoch: 0-    dev F1 Score: 0.5195876288659793
INFO:root:Epoch: 0-    Val p Score:0.4996347699050402
INFO:root:Epoch: 0-    Val r Score:0.6416510318949343
INFO:root:Epoch: 0-    Val F1 Score:0.5618069815195071
INFO:root:epoch1
INFO:root:Epoch: 1-    dev F1 Score: 0.5269121813031162
INFO:root:Epoch: 1-    Val p Score:0.6714490674318508
INFO:root:Epoch: 1-    Val r Score:0.43902439024390244
INFO:root:Epoch: 1-    Val F1 Score:0.5309132161089053
INFO:root:epoch2
INFO:root:Epoch: 2-    dev F1 Score: 0.5433070866141733
INFO:root:Epoch: 2-    Val p Score:0.493573264781491
INFO:root:Epoch: 2-    Val r Score:0.7204502814258912
INFO:root:Epoch: 2-    Val F1 Score:0.5858123569794051
INFO:root:epoch3
INFO:root:Epoch: 3-    dev F1 Score: 0.5241379310344827
INFO:root:Epoch: 3-    Val p Score:0.5165767154973014
INFO:root:Epoch: 3-    Val r Score:0.6285178236397748
INFO:root:Epoch: 3-    Val F1 Score:0.567075751163775
INFO:root:epoch4
INFO:root:Epoch: 4-    dev F1 Score: 0.564334085778781
INFO:root:Epoch: 4-    Val p Score:0.5229151014274981
INFO:root:Epoch: 4-    Val r Score:0.6529080675422139
INFO:root:Epoch: 4-    Val F1 Score:0.5807259073842302
INFO:root:epoch5
INFO:root:Epoch: 5-    dev F1 Score: 0.5205992509363296
INFO:root:Epoch: 5-    Val p Score:0.4529616724738676
INFO:root:Epoch: 5-    Val r Score:0.7317073170731707
INFO:root:Epoch: 5-    Val F1 Score:0.5595408895265422
INFO:root:epoch6
INFO:root:Epoch: 6-    dev F1 Score: 0.5319148936170213
INFO:root:basemodel+position+entity_mask_ESIM8_
INFO:root:basemodel+position+entity_mask_ESIM8_
INFO:root:basemodel+position+entity_mask_ESIM8_
INFO:root:basemodel+position+entity_mask_ESIM8_
INFO:root:epoch0
INFO:root:basemodel+position+entity_mask_ESIM8_
INFO:root:epoch0
INFO:root:Epoch: 0-    dev F1 Score: 0.5232558139534883
INFO:root:Epoch: 0-    Val p Score:0.6198347107438017
INFO:root:Epoch: 0-    Val r Score:0.3517823639774859
INFO:root:Epoch: 0-    Val F1 Score:0.4488330341113106
INFO:root:epoch1
INFO:root:Epoch: 1-    dev F1 Score: 0.3656716417910448
INFO:root:Epoch: 1-    Val p Score:0.7253731343283583
INFO:root:Epoch: 1-    Val r Score:0.22795497185741087
INFO:root:Epoch: 1-    Val F1 Score:0.3468950749464668
INFO:root:epoch2
INFO:root:Epoch: 2-    dev F1 Score: 0.51010101010101
INFO:root:Epoch: 2-    Val p Score:0.5770065075921909
INFO:root:Epoch: 2-    Val r Score:0.49906191369606
INFO:root:Epoch: 2-    Val F1 Score:0.5352112676056338
INFO:root:epoch3
INFO:root:Epoch: 3-    dev F1 Score: 0.5433255269320842
INFO:root:Epoch: 3-    Val p Score:0.5546448087431693
INFO:root:Epoch: 3-    Val r Score:0.5712945590994372
INFO:root:Epoch: 3-    Val F1 Score:0.5628465804066544
INFO:root:epoch4
INFO:root:Epoch: 4-    dev F1 Score: 0.5371702637889689
INFO:root:Epoch: 4-    Val p Score:0.5188600167644594
INFO:root:Epoch: 4-    Val r Score:0.5806754221388368
INFO:root:Epoch: 4-    Val F1 Score:0.5480301018149624
INFO:root:epoch5
INFO:root:basemodel+position+entity_mask_ESIM8_
INFO:root:epoch0
INFO:root:Epoch: 0-    dev F1 Score: 0.13100436681222707
INFO:root:Epoch: 0-    Val p Score:0.803921568627451
INFO:root:Epoch: 0-    Val r Score:0.038461538461538464
INFO:root:Epoch: 0-    Val F1 Score:0.07341092211280215
INFO:root:epoch1
INFO:root:Epoch: 1-    dev F1 Score: 0.48218029350104824
INFO:root:Epoch: 1-    Val p Score:0.46586059743954483
INFO:root:Epoch: 1-    Val r Score:0.6144465290806754
INFO:root:Epoch: 1-    Val F1 Score:0.5299352750809062
INFO:root:epoch2
INFO:root:Epoch: 2-    dev F1 Score: 0.4555808656036447
INFO:root:Epoch: 2-    Val p Score:0.452991452991453
INFO:root:Epoch: 2-    Val r Score:0.5469043151969981
INFO:root:Epoch: 2-    Val F1 Score:0.49553761155971104
INFO:root:epoch3
INFO:root:Epoch: 3-    dev F1 Score: 0.5096153846153846
INFO:root:Epoch: 3-    Val p Score:0.37890974084003576
INFO:root:Epoch: 3-    Val r Score:0.7954971857410882
INFO:root:Epoch: 3-    Val F1 Score:0.513317191283293
INFO:root:epoch4
INFO:root:Epoch: 4-    dev F1 Score: 0.4924406047516198
INFO:root:Epoch: 4-    Val p Score:0.44218134034165574
INFO:root:Epoch: 4-    Val r Score:0.6313320825515948
INFO:root:Epoch: 4-    Val F1 Score:0.5200927357032458
INFO:root:epoch5
INFO:root:Epoch: 5-    dev F1 Score: 0.5378151260504201
INFO:root:Epoch: 5-    Val p Score:0.4360759493670886
INFO:root:Epoch: 5-    Val r Score:0.6463414634146342
INFO:root:Epoch: 5-    Val F1 Score:0.5207860922146637
INFO:root:epoch6
INFO:root:Epoch: 6-    dev F1 Score: 0.489945155393053
INFO:root:Epoch: 6-    Val p Score:0.40020523345305287
INFO:root:Epoch: 6-    Val r Score:0.7317073170731707
INFO:root:Epoch: 6-    Val F1 Score:0.5174129353233831
INFO:root:epoch7
INFO:root:basemodel+position+entity_mask_ESIM8_
INFO:root:epoch0
INFO:root:basemodel+position+entity_mask_ESIM8_
INFO:root:epoch0
INFO:root:Epoch: 0-    dev F1 Score: 0.398576512455516
INFO:root:Epoch: 0-    Val p Score:0.7011834319526628
INFO:root:Epoch: 0-    Val r Score:0.2223264540337711
INFO:root:Epoch: 0-    Val F1 Score:0.3376068376068376
INFO:root:epoch1
INFO:root:Epoch: 1-    dev F1 Score: 0.5337078651685393
INFO:root:Epoch: 1-    Val p Score:0.6171052631578947
INFO:root:Epoch: 1-    Val r Score:0.4399624765478424
INFO:root:Epoch: 1-    Val F1 Score:0.5136911281489595
INFO:root:epoch2
INFO:root:Epoch: 2-    dev F1 Score: 0.5117647058823529
INFO:root:Epoch: 2-    Val p Score:0.6491499227202473
INFO:root:Epoch: 2-    Val r Score:0.39399624765478425
INFO:root:Epoch: 2-    Val F1 Score:0.4903677758318739
INFO:root:epoch3
INFO:root:Epoch: 3-    dev F1 Score: 0.5271629778672032
INFO:root:Epoch: 3-    Val p Score:0.47229551451187335
INFO:root:Epoch: 3-    Val r Score:0.6716697936210131
INFO:root:Epoch: 3-    Val F1 Score:0.5546088303640588
INFO:root:epoch4
INFO:root:Epoch: 4-    dev F1 Score: 0.5198237885462554
INFO:root:Epoch: 4-    Val p Score:0.4713975380159305
INFO:root:Epoch: 4-    Val r Score:0.6106941838649156
INFO:root:Epoch: 4-    Val F1 Score:0.5320800980792807
INFO:root:epoch5
INFO:root:Epoch: 5-    dev F1 Score: 0.5340314136125655
INFO:root:Epoch: 5-    Val p Score:0.5783847980997625
INFO:root:Epoch: 5-    Val r Score:0.45684803001876173
INFO:root:Epoch: 5-    Val F1 Score:0.5104821802935011
INFO:root:epoch6
INFO:root:Epoch: 6-    dev F1 Score: 0.46646341463414637
INFO:root:Epoch: 6-    Val p Score:0.35874629394324437
INFO:root:Epoch: 6-    Val r Score:0.7945590994371482
INFO:root:Epoch: 6-    Val F1 Score:0.4943098920338489
INFO:root:epoch7
INFO:root:Epoch: 7-    dev F1 Score: 0.5383104125736738
INFO:root:Epoch: 7-    Val p Score:0.43333333333333335
INFO:root:Epoch: 7-    Val r Score:0.6707317073170732
INFO:root:Epoch: 7-    Val F1 Score:0.5265095729013256
INFO:root:epoch8
INFO:root:Epoch: 8-    dev F1 Score: 0.5107084019769358
INFO:root:Epoch: 8-    Val p Score:0.38332511100148003
INFO:root:Epoch: 8-    Val r Score:0.7288930581613509
INFO:root:Epoch: 8-    Val F1 Score:0.5024248302618817
INFO:root:epoch9
INFO:root:Epoch: 9-    dev F1 Score: 0.4949494949494949
INFO:root:Epoch: 9-    Val p Score:0.38263821532492726
INFO:root:Epoch: 9-    Val r Score:0.7401500938086304
INFO:root:Epoch: 9-    Val F1 Score:0.5044757033248082
INFO:root:basemodel+position+entity_mask_ESIM8_
INFO:root:epoch0
INFO:root:Epoch: 0-    dev F1 Score: 0.5251989389920424
INFO:root:Epoch: 0-    Val p Score:0.5977722772277227
INFO:root:Epoch: 0-    Val r Score:0.4530956848030019
INFO:root:Epoch: 0-    Val F1 Score:0.5154749199573107
INFO:root:epoch1
INFO:root:Epoch: 1-    dev F1 Score: 0.4125874125874126
INFO:root:Epoch: 1-    Val p Score:0.7102137767220903
INFO:root:Epoch: 1-    Val r Score:0.2804878048780488
INFO:root:Epoch: 1-    Val F1 Score:0.4021519838601211
INFO:root:epoch2
INFO:root:Epoch: 2-    dev F1 Score: 0.5205479452054795
INFO:root:Epoch: 2-    Val p Score:0.44889663182346107
INFO:root:Epoch: 2-    Val r Score:0.725140712945591
INFO:root:Epoch: 2-    Val F1 Score:0.5545193687230989
INFO:root:epoch3
INFO:root:Epoch: 3-    dev F1 Score: 0.4234527687296417
INFO:root:Epoch: 3-    Val p Score:0.6273408239700374
INFO:root:Epoch: 3-    Val r Score:0.3142589118198874
INFO:root:Epoch: 3-    Val F1 Score:0.41874999999999996
INFO:root:epoch4
INFO:root:Epoch: 4-    dev F1 Score: 0.5542168674698794
INFO:root:Epoch: 4-    Val p Score:0.5190311418685121
INFO:root:Epoch: 4-    Val r Score:0.5628517823639775
INFO:root:Epoch: 4-    Val F1 Score:0.54005400540054
INFO:root:epoch5
INFO:root:Epoch: 5-    dev F1 Score: 0.5175879396984924
INFO:root:Epoch: 5-    Val p Score:0.5064157399486741
INFO:root:Epoch: 5-    Val r Score:0.5553470919324578
INFO:root:Epoch: 5-    Val F1 Score:0.5297539149888143
INFO:root:epoch6
INFO:root:Epoch: 6-    dev F1 Score: 0.5213032581453635
INFO:root:Epoch: 6-    Val p Score:0.5336048879837068
INFO:root:Epoch: 6-    Val r Score:0.4915572232645403
INFO:root:Epoch: 6-    Val F1 Score:0.51171875
INFO:root:epoch7
INFO:root:Epoch: 7-    dev F1 Score: 0.5418502202643171
INFO:root:Epoch: 7-    Val p Score:0.44776119402985076
INFO:root:Epoch: 7-    Val r Score:0.6191369606003753
INFO:root:Epoch: 7-    Val F1 Score:0.5196850393700787
INFO:root:epoch8
INFO:root:Epoch: 8-    dev F1 Score: 0.5295238095238095
INFO:root:Epoch: 8-    Val p Score:0.39439543331603527
INFO:root:Epoch: 8-    Val r Score:0.7129455909943715
INFO:root:Epoch: 8-    Val F1 Score:0.5078516538590043
INFO:root:epoch9
INFO:root:Epoch: 9-    dev F1 Score: 0.49910873440285203
INFO:root:Epoch: 9-    Val p Score:0.3721930243669374
INFO:root:Epoch: 9-    Val r Score:0.7307692307692307
INFO:root:Epoch: 9-    Val F1 Score:0.49319404874960426
INFO:root:basemodel+position+entity_mask_ESIM8_
INFO:root:epoch0
INFO:root:Epoch: 0-    dev F1 Score: 0.4573378839590444
INFO:root:Epoch: 0-    Val p Score:0.7238979118329466
INFO:root:Epoch: 0-    Val r Score:0.2926829268292683
INFO:root:Epoch: 0-    Val F1 Score:0.4168336673346693
INFO:root:epoch1
INFO:root:Epoch: 1-    dev F1 Score: 0.5771812080536912
INFO:root:Epoch: 1-    Val p Score:0.5658844765342961
INFO:root:Epoch: 1-    Val r Score:0.5881801125703565
INFO:root:Epoch: 1-    Val F1 Score:0.5768169273229071
INFO:root:epoch2
INFO:root:Epoch: 2-    dev F1 Score: 0.5169230769230769
INFO:root:Epoch: 2-    Val p Score:0.6991150442477876
INFO:root:Epoch: 2-    Val r Score:0.3705440900562852
INFO:root:Epoch: 2-    Val F1 Score:0.4843654199877376
INFO:root:epoch3
INFO:root:Epoch: 3-    dev F1 Score: 0.5080213903743315
INFO:root:Epoch: 3-    Val p Score:0.590465872156013
INFO:root:Epoch: 3-    Val r Score:0.5112570356472795
INFO:root:Epoch: 3-    Val F1 Score:0.5480140774258421
INFO:root:epoch4
